number,value,datetime_start,datetime_complete,duration,params_colsample_bytree,params_learning_rate,params_max_depth,params_min_child_samples,params_n_estimators,params_num_leaves,params_reg_alpha,params_reg_lambda,params_subsample,user_attrs_da,user_attrs_rmse,state
0,-47.356621416789565,2026-08-17 18:55:59.853518,2026-08-17 18:56:04.001643,0 days 00:00:04.148125,0.6890494924640989,0.07262391873674719,5,53,432,24,1.2862772549259005e-08,0.14325824803479306,0.9068744897544196,48.75441570789926,0.15712971611739818,COMPLETE
1,-46.50944766913294,2026-08-17 18:56:04.001643,2026-08-17 18:56:20.169123,0 days 00:00:16.167480,0.7276117370651998,0.02052713835450922,12,93,1204,118,1.1961227015791605e-05,1.0614355594794147e-07,0.7690052841773698,47.83990764326908,0.1495604892445268,COMPLETE
2,-46.57303317475965,2026-08-17 18:56:20.169123,2026-08-17 18:56:21.854936,0 days 00:00:01.685813,0.5133100886184505,0.02294708391388153,11,84,1270,39,4.5386911038610025,0.00043979110671234727,0.8117980202825824,47.839867610730636,0.14240817590822663,COMPLETE
3,-47.38407184846034,2026-08-17 18:56:21.854936,2026-08-17 18:56:44.755328,0 days 00:00:22.900392,0.7086421348308651,0.011394508533267175,8,31,1325,72,1.1202425989362412e-06,0.000716749949077013,0.6460296703664347,48.75397323604691,0.15399420180019596,COMPLETE
4,-46.758545348656476,2026-08-17 18:56:44.755328,2026-08-17 18:56:48.694701,0 days 00:00:03.939373,0.5060181785112549,0.014696134968372309,4,93,777,74,0.00011140351208488524,2.68387465309738e-07,0.8751695761362539,48.05908631975013,0.14619721577540357,COMPLETE
5,-47.69302694348586,2026-08-17 18:56:48.694701,2026-08-17 18:56:58.277127,0 days 00:00:09.582426,0.5736343860794895,0.044016767177327,5,19,961,119,7.181372123667304e-08,0.00030733352130426497,0.9541194780203074,49.12107795539648,0.16053095332399622,COMPLETE
6,-46.45792669276953,2026-08-17 18:56:58.277127,2026-08-17 18:57:03.757207,0 days 00:00:05.480080,0.5336731790916123,0.006117471531513202,3,42,1220,18,3.9068055503811553e-07,6.344132154855513e-07,0.707868187212983,47.766366813176774,0.14708517983213662,COMPLETE
7,-46.22573920851542,2026-08-17 18:57:03.757207,2026-08-17 18:57:12.460763,0 days 00:00:08.703556,0.6087320315369646,0.006532460272619109,10,14,306,53,0.0038613001319068667,2.3569524344001276,0.7398809970372318,47.509594412199625,0.1443215249724555,COMPLETE
8,-46.446385344469604,2026-08-17 18:57:12.460763,2026-08-17 18:57:18.452031,0 days 00:00:05.991268,0.6196068649367913,0.03208372731357366,9,94,537,21,0.059727975263362335,0.0006367768047511924,0.6449347072032136,47.76733023651129,0.14849087395288865,COMPLETE
9,-47.2020083092349,2026-08-17 18:57:18.452031,2026-08-17 18:57:27.142263,0 days 00:00:08.690232,0.8773192292128086,0.01742864730726266,3,95,1423,76,6.366490445534206e-07,1.1034042946468217,0.9267223914757591,48.53487726705455,0.1498312894078471,COMPLETE
10,-46.57303317475965,2026-08-17 18:57:27.142263,2026-08-17 18:57:29.414480,0 days 00:00:02.272217,0.9918471562604486,0.05188299517834857,7,66,923,123,6.903167416684283,1.4584071644263728e-05,0.9817882973701508,47.839867610730636,0.14240817590822663,COMPLETE
11,-47.78328362476265,2026-08-17 18:57:29.414480,2026-08-17 18:57:48.223102,0 days 00:00:18.808622,0.7783738709664828,0.012348416969514185,7,19,975,100,1.1095656733209078e-08,0.007855251514906144,0.6084632702619484,49.15778937859966,0.15451179066604828,COMPLETE
12,-48.10303118415713,2026-08-17 18:57:48.223102,2026-08-17 18:58:05.785335,0 days 00:00:17.562233,0.821495942285296,0.03792843412966055,6,14,951,101,1.088479185548184e-08,0.022550438550912957,0.6060473854337197,49.52268438109928,0.15958693295533732,COMPLETE
13,-47.81624891134927,2026-08-17 18:58:05.785335,2026-08-17 18:58:31.230067,0 days 00:00:25.444732,0.8100622763629566,0.03163373782288339,7,10,992,98,1.1259791277626891e-08,0.028591158464470526,0.6012277428781293,49.26687698890371,0.16306890038669367,COMPLETE
14,-48.052740006714586,2026-08-17 18:58:31.230067,2026-08-17 18:58:46.406261,0 days 00:00:15.176194,0.8172091157865305,0.03359895989090731,6,10,746,97,3.198797496426138e-05,0.035641258007192325,0.6025171168770379,49.48641648671313,0.161163326920959,COMPLETE
15,-47.63584468112612,2026-08-17 18:58:46.406261,2026-08-17 18:58:57.717054,0 days 00:00:11.310793,0.8902760288278891,0.0331480926749611,6,29,717,96,0.0002334091207519665,0.09573378503750024,0.680811145452559,49.04669538503206,0.15859742166551297,COMPLETE
16,-47.02159751963259,2026-08-17 18:58:57.717054,2026-08-17 18:59:05.893906,0 days 00:00:08.176852,0.8817795133541853,0.05735621861828383,5,29,674,87,1.31838130805156e-05,0.008424242935269534,0.6649360755784197,48.46201804708054,0.16192144295272876,COMPLETE
17,-47.16015478167987,2026-08-17 18:59:05.893906,2026-08-17 18:59:26.729377,0 days 00:00:20.835471,0.9762246751337333,0.027107378450189738,9,41,846,110,0.12147364317558097,7.910813578221979,0.6010749415908705,48.498366535025944,0.15043188704204882,COMPLETE
18,-46.82443440996038,2026-08-17 18:59:26.729377,2026-08-17 18:59:46.577199,0 days 00:00:19.847822,0.8151015842821656,0.0797649023564062,6,23,1095,58,0.0020659810004323683,1.8247065368474133e-05,0.7114666338742401,48.279267395139435,0.16354158506251268,COMPLETE
19,-47.03364095961395,2026-08-17 18:59:46.577199,2026-08-17 19:00:09.732126,0 days 00:00:23.154927,0.9394436082866415,0.0415007459833763,8,10,611,88,5.628498336502113e-06,0.4909650495072825,0.7933135386058138,48.46217817723434,0.16058560898086746,COMPLETE
20,-46.831889632327794,2026-08-17 19:00:09.732126,2026-08-17 19:00:18.790446,0 days 00:00:09.058320,0.7617431557926955,0.00863295330738675,4,40,1103,108,0.00016915535423032052,1.2096563970713105e-08,0.6364260313128592,48.168655377480256,0.15026933747491242,COMPLETE
21,-47.487056785797755,2026-08-17 19:00:18.790446,2026-08-17 19:00:46.855034,0 days 00:00:28.064588,0.8285667105369847,0.03207338950816047,7,10,1049,99,7.342281960624489e-08,0.006759775757734862,0.6000921024657837,48.90101644914015,0.15894690793597385,COMPLETE
22,-47.81618236434896,2026-08-17 19:00:46.855034,2026-08-17 19:01:00.123325,0 days 00:00:13.268291,0.8259864360246851,0.04004765112432169,6,21,779,86,6.312959005444944e-08,0.04454835810580701,0.6822035757507253,49.230407346378264,0.1589767331042548,COMPLETE
23,-47.63118014417528,2026-08-17 19:01:00.123325,2026-08-17 19:01:22.898390,0 days 00:00:22.775065,0.7767059525156824,0.02351652900448771,8,15,882,105,2.7893918652323866e-07,0.021280173016359337,0.6276961558007892,49.010144620465006,0.15501300733126003,COMPLETE
24,-47.66007375724581,2026-08-17 19:01:22.898390,2026-08-17 19:01:40.726473,0 days 00:00:17.828083,0.9245313729140268,0.057979836146199525,6,30,1049,93,4.1121756400202305e-06,0.27577242179926525,0.6650507965891911,49.08268199468436,0.15991911679473897,COMPLETE
25,-47.47940908119753,2026-08-17 19:01:40.726473,2026-08-17 19:01:59.661157,0 days 00:00:18.934684,0.6634606428673514,0.029557900578404468,7,24,831,113,1.2714124556588055e-08,0.00204901377118484,0.6291549808297837,48.86334265956717,0.15557159710669524,COMPLETE
26,-47.365257711355376,2026-08-17 19:01:59.661157,2026-08-17 19:02:05.127065,0 days 00:00:05.465908,0.7520310387130327,0.018335293566894263,4,12,557,65,4.646007893907799e-05,4.4342268733224906e-05,0.7081283553564334,48.753893699452384,0.15610020729649812,COMPLETE
27,-47.83243857918209,2026-08-17 19:02:05.127065,2026-08-17 19:02:31.046504,0 days 00:00:25.919439,0.850167619349914,0.036587937931342775,9,33,1141,127,1.827413311516472e-06,0.032388173648587495,0.6017811609016659,49.23088932228669,0.15720350960493829,COMPLETE
28,-46.911973897982506,2026-08-17 19:02:31.046504,2026-08-17 19:03:04.656308,0 days 00:00:33.609804,0.8612837800370008,0.048070429107830534,10,46,1466,127,0.0007594999633817343,7.133972432476544e-05,0.666550315909477,48.315819216671194,0.15780992797099735,COMPLETE
29,-47.17790384984832,2026-08-17 19:03:04.656308,2026-08-17 19:03:23.654061,0 days 00:00:18.997753,0.6690342524087118,0.06816656737064244,12,60,1157,115,2.5298825944668006e-06,0.20024597903439936,0.6276258940830931,48.573715699618994,0.15690686469583975,COMPLETE
30,-47.59060687429429,2026-08-17 19:03:23.654061,2026-08-17 19:03:34.265396,0 days 00:00:10.611335,0.921060418505165,0.03601602221788893,9,35,479,79,1.408130328027484e-07,0.0022218093490164697,0.8605083449129254,48.97355329487715,0.15546062811520212,COMPLETE
31,-47.574194433603274,2026-08-17 19:03:34.265396,2026-08-17 19:03:44.123755,0 days 00:00:09.858359,0.8054935941318525,0.026388619379512472,5,54,984,104,3.555862627946922e-08,0.04278230276886534,0.6010779243351388,48.97359438438031,0.15731021252471303,COMPLETE
32,-48.025195727155975,2026-08-17 19:03:44.123755,2026-08-17 19:04:10.144030,0 days 00:00:26.020275,0.8362053452545625,0.0367294482507184,8,18,1027,91,1.7898686662549248e-06,0.01985320875730457,0.6222544907201633,49.41395917757068,0.1561145356693665,COMPLETE
33,-47.551515041118655,2026-08-17 19:04:10.144030,2026-08-17 19:04:48.110255,0 days 00:00:37.966225,0.8584545443964491,0.04074904380980664,10,24,1302,83,1.951730311727052e-06,0.10620296679991849,0.6526751097308244,48.93620082257644,0.15565615422533188,COMPLETE
34,-47.62217675065998,2026-08-17 19:04:48.110255,2026-08-17 19:05:15.796562,0 days 00:00:27.686307,0.8487746865721321,0.02204802926875901,11,34,1172,32,1.68893905780577e-05,0.0030743574790544187,0.6924895588585376,49.00938030285801,0.15593918342653856,COMPLETE
35,-47.96298620581923,2026-08-17 19:05:15.796562,2026-08-17 19:05:51.636368,0 days 00:00:35.839806,0.7463824659297601,0.06597493416383218,8,18,1375,93,5.760008446207947e-05,1.1261009525072265,0.7445326556579765,49.34005646918528,0.15480007389687986,COMPLETE
36,-46.92278366654842,2026-08-17 19:05:51.636368,2026-08-17 19:06:30.437815,0 days 00:00:38.801447,0.7286528471739703,0.0707109843262802,8,17,1388,95,0.0005181186897616344,7.194625194117165,0.8326250235469101,48.279267395139435,0.15248588762096243,COMPLETE
37,-47.94367501367254,2026-08-17 19:06:30.437815,2026-08-17 19:06:38.810214,0 days 00:00:08.372399,0.7179105534619524,0.05943652585250584,8,84,730,68,2.2692739396002604e-05,0.9605958076576868,0.7467060435277721,49.30322494836674,0.15283056787728888,COMPLETE
38,-47.57362645990513,2026-08-17 19:06:38.810214,2026-08-17 19:07:04.364313,0 days 00:00:25.554099,0.787333482299896,0.0474674671350958,5,17,1258,90,5.163644258136826e-05,2.2230933297960576,0.7754273933976218,49.013116540992506,0.1618168490411435,COMPLETE
39,-47.01338703500384,2026-08-17 19:07:04.364313,2026-08-17 19:07:28.523937,0 days 00:00:24.159624,0.692177300261529,0.026160825512443996,6,25,1345,80,0.003693401920876794,0.5062815860899794,0.7340599816461556,48.423820663613604,0.15855053713943912,COMPLETE
40,-47.573584228966,2026-08-17 19:07:28.523937,2026-08-17 19:08:04.027830,0 days 00:00:35.503893,0.7322831830832202,0.018662229873517313,7,15,1499,102,6.280958284576686e-07,0.11400381958940245,0.820263572810517,48.974558864679544,0.15748722698143322,COMPLETE
41,-47.2717011549588,2026-08-17 19:08:04.027830,2026-08-17 19:08:12.951820,0 days 00:00:08.923990,0.7462409823306442,0.05975765723247557,8,85,699,65,1.9013570195812305e-05,1.0354918288357262,0.7501554484741784,48.644846650169136,0.15435888043225093,COMPLETE
42,-47.219859482722846,2026-08-17 19:08:12.951820,2026-08-17 19:08:23.733183,0 days 00:00:10.781363,0.7022572321435682,0.06359273026629009,9,77,775,44,3.768208669933789e-05,2.3996853290424065,0.7709494522087685,48.608698853398344,0.15612307006466447,COMPLETE
43,-46.372956053323115,2026-08-17 19:08:23.733183,2026-08-17 19:08:27.846234,0 days 00:00:04.113051,0.6541318974260852,0.05274658876014661,8,100,340,71,0.020280713263390846,0.012943255793276038,0.7522608352085643,47.6927037715397,0.1483562965086411,COMPLETE
44,-46.991653589001864,2026-08-17 19:08:27.846234,2026-08-17 19:08:37.545017,0 days 00:00:09.698783,0.786589526648168,0.046019792477119806,10,71,641,68,8.16736181402748e-05,0.0002874221461591368,0.7268148146398848,48.352046550036526,0.15292533467552127,COMPLETE
45,-47.63044215469727,2026-08-17 19:08:37.545017,2026-08-17 19:08:44.878758,0 days 00:00:07.333741,0.6286766909080176,0.03773112548907941,7,89,790,47,7.769153855376655e-06,0.46240229050837073,0.7993046497345951,48.974156425365635,0.15105043942152369,COMPLETE
46,-47.1678939086395,2026-08-17 19:08:44.878758,2026-08-17 19:08:56.376133,0 days 00:00:11.497375,0.7204537984519399,0.07796645721127324,8,49,734,119,0.000317422125459224,1.2547279513167107,0.6492704324297407,48.57223079631996,0.1578651865284401,COMPLETE
47,-48.332841303102555,2026-08-17 19:08:56.376133,2026-08-17 19:09:19.642467,0 days 00:00:23.266334,0.9035927264061501,0.051127807053322566,6,19,1229,57,8.215497720288627e-07,0.08480493351945788,0.9057032982199011,49.7413405206511,0.15833308492716647,COMPLETE
48,-46.75589885153863,2026-08-17 19:09:19.642467,2026-08-17 19:09:22.725778,0 days 00:00:03.083311,0.9006460544204569,0.014827882876989353,6,20,1224,26,1.3789336017362943,0.0011556538330807914,0.9077836595009126,48.02273730332238,0.142408627336254,COMPLETE
49,-47.78851290171395,2026-08-17 19:09:22.725778,2026-08-17 19:09:34.052097,0 days 00:00:11.326319,0.8409298813893403,0.05041908900202943,5,27,922,59,9.278638235008646e-07,0.081266777705552,0.9443624116662583,49.23008602910597,0.16205100973030148,COMPLETE
