number,value,datetime_start,datetime_complete,duration,params_colsample_bytree,params_learning_rate,params_max_depth,params_min_child_samples,params_n_estimators,params_num_leaves,params_reg_alpha,params_reg_lambda,params_subsample,user_attrs_da,user_attrs_rmse,state
0,-46.506599544138886,2026-08-17 18:36:24.056710,2026-08-17 18:36:26.018259,0 days 00:00:01.961549,0.5982632326911852,0.011762070892583609,12,30,1176,97,5.64401959712706,3.853908346758275e-08,0.7884537034173222,47.02189649637335,0.37450967304082017,COMPLETE
1,-47.62806301584467,2026-08-17 18:36:26.018259,2026-08-17 18:36:36.037923,0 days 00:00:10.019664,0.689339327682084,0.058430878574974525,6,77,1398,104,0.10302996005842707,6.331092258883316e-07,0.9648605392497536,48.19136941759009,0.40940218145030044,COMPLETE
2,-47.23703960918209,2026-08-17 18:36:36.037923,2026-08-17 18:36:38.159493,0 days 00:00:02.121570,0.646673829600716,0.037098447175236415,3,84,1177,42,0.6824907552654701,1.1359300541461108,0.8337757627636297,47.75305209832794,0.3750297139484384,COMPLETE
3,-46.61628657742397,2026-08-17 18:36:38.159493,2026-08-17 18:36:40.638126,0 days 00:00:02.478633,0.9583132641112666,0.0072047285279665104,9,80,987,106,1.0251643835822062,0.004049676335365353,0.6995625911577874,47.13134492858652,0.3743362615563555,COMPLETE
4,-47.078785380441786,2026-08-17 18:36:40.638126,2026-08-17 18:36:47.270248,0 days 00:00:06.632122,0.6495628062419387,0.005105727923959122,5,35,727,73,4.9920957428116855e-06,3.954479172438835e-06,0.9289537887361379,47.60769579888159,0.3844037249179149,COMPLETE
5,-46.99658086636541,2026-08-17 18:36:47.270248,2026-08-17 18:37:02.139896,0 days 00:00:14.869648,0.7646244347764355,0.005695497190129776,9,37,764,102,6.639154074651315e-08,4.333648393487608,0.8833177643358201,47.533873950329244,0.390496113609521,COMPLETE
6,-47.17799822173905,2026-08-17 18:37:02.139896,2026-08-17 18:37:36.844110,0 days 00:00:34.704214,0.9112994483246271,0.0132740413122147,10,57,1457,33,0.004736177900703171,1.481968390201309e-07,0.7306261827609046,47.75237075332192,0.4174448695533022,COMPLETE
7,-47.88402337209094,2026-08-17 18:37:36.844110,2026-08-17 18:37:41.641702,0 days 00:00:04.797592,0.6675408597474912,0.046408731291456735,5,67,506,90,0.00030110193247261737,0.036432733916003615,0.7364230221892376,48.44761901594495,0.40961239803909955,COMPLETE
8,-46.88031715750626,2026-08-17 18:37:41.641702,2026-08-17 18:38:10.826029,0 days 00:00:29.184327,0.9310196172320385,0.005453417423694262,10,72,1489,104,0.00045938863764246777,3.9756869624441276e-08,0.8729445662441875,47.42362354759311,0.39486648937103314,COMPLETE
9,-46.698853538643355,2026-08-17 18:38:10.826029,2026-08-17 18:38:23.665314,0 days 00:00:12.839285,0.7039382722811822,0.011982677889133864,7,29,767,68,0.05963463623810173,7.256744591256214e-05,0.8819532049438423,47.24151605809818,0.39439853438151634,COMPLETE
10,-47.37088744649357,2026-08-17 18:38:23.665314,2026-08-17 18:38:24.999220,0 days 00:00:01.333906,0.5147342862640452,0.02844110365493814,3,99,329,15,1.0001928210502513e-08,0.031518328339904755,0.638325004999921,47.89973316685428,0.38435670337753175,COMPLETE
11,-46.884774570342245,2026-08-17 18:38:24.999220,2026-08-17 18:38:28.932846,0 days 00:00:03.933626,0.8022691772371036,0.07184716114972226,6,57,320,123,0.0001227186088369947,0.00013747496283388028,0.9999029701208975,47.460131902902994,0.4181606073247693,COMPLETE
12,-48.203706415067195,2026-08-17 18:38:28.932846,2026-08-17 18:38:37.666455,0 days 00:00:08.733609,0.7968928912043921,0.07034471259110804,5,10,542,74,1.1878259139412796e-05,0.029140601628130012,0.6219129412323909,48.77756904548281,0.41707428145142167,COMPLETE
13,-47.97076069476711,2026-08-17 18:38:37.666455,2026-08-17 18:38:43.779854,0 days 00:00:06.113399,0.8236275534516825,0.04374544740964737,4,13,571,72,9.961445245309775e-06,0.09293617764877825,0.6300418741314333,48.55807090112734,0.42684776691135556,COMPLETE
14,-47.998164374909656,2026-08-17 18:38:43.779854,2026-08-17 18:38:49.832744,0 days 00:00:06.052890,0.8431118315559906,0.02683846824307917,4,13,552,65,1.6618084933115886e-06,0.1981113609897105,0.6154156363723952,48.55923342844713,0.4077761121669394,COMPLETE
15,-47.787399462160465,2026-08-17 18:38:49.832744,2026-08-17 18:39:01.824248,0 days 00:00:11.991504,0.872209938825119,0.02310232164200438,7,12,511,56,5.625819660083083e-07,0.0008365896541609048,0.6033193795137956,48.339173244848574,0.4010204563620192,COMPLETE
16,-47.84560529149068,2026-08-17 18:39:01.824248,2026-08-17 18:39:08.373329,0 days 00:00:06.549081,0.8562282436813099,0.018326943432917686,4,20,659,56,3.948727685139562e-06,0.42196422737024547,0.6781413124379813,48.41275331446543,0.4121942109864767,COMPLETE
17,-48.04453487759389,2026-08-17 18:39:08.375009,2026-08-17 18:39:20.096952,0 days 00:00:11.721943,0.7604682967493293,0.07792254847558851,5,22,867,83,4.4873029769577487e-07,9.486575479610805,0.6626480042831305,48.63008679828591,0.42556987270325014,COMPLETE
18,-47.335778883476195,2026-08-17 18:39:20.096952,2026-08-17 18:39:33.697908,0 days 00:00:13.600956,0.7710317315333806,0.07503790493141088,7,45,865,86,2.0695045631023812e-07,8.300307422571887,0.665648611842505,47.93355432702293,0.4344537357415948,COMPLETE
19,-47.27153594258901,2026-08-17 18:39:33.697908,2026-08-17 18:39:54.307139,0 days 00:00:20.609231,0.9946150393202301,0.05702369718337881,6,23,981,121,6.295324996554885e-05,0.003425515963685597,0.7278358017555934,47.860936094132036,0.4283667060079048,COMPLETE
20,-46.65269531261071,2026-08-17 18:39:54.313959,2026-08-17 18:40:09.845616,0 days 00:00:15.531657,0.763779873871067,0.07742792027647179,8,44,931,80,1.3431324377782268e-08,2.4045247726132213,0.7864528561401125,47.23995082983669,0.42680801971374516,COMPLETE
21,-47.773834785693026,2026-08-17 18:40:09.845616,2026-08-17 18:40:14.277002,0 days 00:00:04.431386,0.7329743322775528,0.0338567783265976,4,10,434,57,4.4031119046963025e-07,0.2280153939393836,0.6142614661387172,48.339132684408526,0.4108495699432659,COMPLETE
22,-47.744770268486405,2026-08-17 18:40:14.277002,2026-08-17 18:40:22.667281,0 days 00:00:08.390279,0.8498904971886306,0.055934918897445896,5,21,595,66,1.7801591303698616e-05,0.008335549841061475,0.6527304376970127,48.33772705839922,0.4309516145101102,COMPLETE
23,-47.42405320152078,2026-08-17 18:40:22.667281,2026-08-17 18:40:30.319658,0 days 00:00:07.652377,0.8062430633184926,0.022432547383750192,3,19,1121,43,1.1040141241083594e-06,0.3904064064740237,0.6957035273202457,48.009741790654914,0.4256692011649279,COMPLETE
24,-48.19195970873301,2026-08-17 18:40:30.319658,2026-08-17 18:40:36.572333,0 days 00:00:06.252675,0.9012080109414567,0.04631029176838057,5,28,452,80,5.833981360069035e-08,1.0809689768105462,0.6069351172749513,48.77704730272898,0.4252324074060714,COMPLETE
25,-47.88311516486367,2026-08-17 18:40:36.572333,2026-08-17 18:40:42.137522,0 days 00:00:05.565189,0.909788111767203,0.04781658764350245,5,28,408,80,5.1081337525999464e-08,8.201836400337477,0.654636628161153,48.448059637818666,0.4105927056916221,COMPLETE
26,-47.05524295459702,2026-08-17 18:40:42.137522,2026-08-17 18:40:48.642304,0 days 00:00:06.504782,0.877019617189219,0.06100134532323031,6,41,440,91,1.1760719559365213e-07,1.1841872781787288,0.6016283465148727,47.64336215113007,0.4274357281709791,COMPLETE
27,-46.84876526034099,2026-08-17 18:40:48.642304,2026-08-17 18:40:55.026650,0 days 00:00:06.384346,0.7283579622499957,0.03911525371618475,5,54,644,80,0.0023078978048066013,0.033951789805537876,0.6890139339434272,47.42406416946684,0.4181181460965255,COMPLETE
28,-46.79097507919263,2026-08-17 18:40:55.026650,2026-08-17 18:41:09.453003,0 days 00:00:14.426353,0.9624584593236157,0.06591684914461275,7,27,688,94,2.009690376872959e-05,0.0005003290505403524,0.7588345462694499,47.38667140299987,0.4329426644059837,COMPLETE
29,-46.956697672301814,2026-08-17 18:41:09.453003,2026-08-17 18:41:24.957987,0 days 00:00:15.504984,0.5710295478480569,0.07961299326599978,12,33,827,113,2.602032598765329e-08,1.4456249946495636,0.6391745646966245,47.53206826288627,0.41817024304666295,COMPLETE
30,-48.283179274894785,2026-08-17 18:41:24.957987,2026-08-17 18:41:35.493344,0 days 00:00:10.535357,0.5893756143589968,0.05104981590429024,4,18,1309,84,1.8640193281539595e-06,0.011631058314639087,0.713036307540964,48.88758057274227,0.4392693018283558,COMPLETE
31,-47.16460158352094,2026-08-17 18:41:35.493344,2026-08-17 18:41:45.841639,0 days 00:00:10.348295,0.5615141370750649,0.050819118225131986,4,18,1311,82,1.704022642035298e-06,0.011593247001732837,0.708466467171548,47.75245081839882,0.42723952431071394,COMPLETE
32,-46.962307115769256,2026-08-17 18:41:45.841639,2026-08-17 18:41:59.619706,0 days 00:00:13.778067,0.61033480414733,0.0637019682016691,6,25,1095,97,2.3422987544027637e-07,0.09233609737869017,0.6622800054035909,47.568697243713096,0.44071475207968663,COMPLETE
33,-48.19350473505123,2026-08-17 18:41:59.619706,2026-08-17 18:42:05.574436,0 days 00:00:05.954730,0.5011943102488996,0.03345427750856182,3,17,1261,76,2.701877694128513e-05,0.6914621614562204,0.7686903093191586,48.77760907802125,0.42451779611514806,COMPLETE
34,-48.55868847428261,2026-08-17 18:42:05.574436,2026-08-17 18:42:12.106974,0 days 00:00:06.532538,0.516701556521003,0.033090966051771226,3,17,1300,62,2.339951408572702e-05,0.0024754354996153445,0.7984020442238074,49.142224118444794,0.42410447481825414,COMPLETE
35,-48.63560158249717,2026-08-17 18:42:12.106974,2026-08-17 18:42:18.668278,0 days 00:00:06.561304,0.5154712551604403,0.03182984216266246,3,17,1297,49,5.061039639466453e-05,0.0007224762028498564,0.8237864228923429,49.21572570668957,0.4216250360734364,COMPLETE
36,-47.81339770640921,2026-08-17 18:42:18.668278,2026-08-17 18:42:26.771512,0 days 00:00:08.103234,0.542542365427477,0.029656561377433256,3,14,1379,46,0.001201927814082612,8.706943911409734e-06,0.8151035424797997,48.412393285570204,0.43534051100385773,COMPLETE
37,-47.5346999238792,2026-08-17 18:42:26.771512,2026-08-17 18:42:33.541821,0 days 00:00:06.770309,0.6178917545575224,0.017954736405683923,3,35,1222,49,0.0001245937026814774,0.0009574659690719943,0.8330480069664645,48.11999456894828,0.42538288885051667,COMPLETE
38,-48.05209655042677,2026-08-17 18:42:33.541821,2026-08-17 18:42:44.213114,0 days 00:00:10.671293,0.5311056873529163,0.036904102351256664,4,17,1373,34,6.285976872269189e-06,3.767641231956647e-05,0.8087585888391547,48.6303269935166,0.4202487386055574,COMPLETE
39,-47.46652460677889,2026-08-17 18:42:44.213114,2026-08-17 18:42:51.217534,0 days 00:00:07.004420,0.587840568146782,0.03941191494818873,3,11,1100,61,0.01675895331919595,0.0017909734805209615,0.8584898351757112,48.045289892943664,0.4206374540913707,COMPLETE
40,-47.261285541768146,2026-08-17 18:42:51.217534,2026-08-17 18:43:00.665167,0 days 00:00:09.447633,0.6452718386938737,0.0089989011943281,4,32,1313,34,7.137869094786727e-05,0.0002454778495176562,0.9200982035477545,47.82695427590799,0.41111908726317314,COMPLETE
41,-48.30435489717459,2026-08-17 18:43:00.665167,2026-08-17 18:43:06.864839,0 days 00:00:06.199672,0.5068707446790611,0.033001606604245254,3,16,1236,70,1.668954939260153e-05,0.011011918091334243,0.7709251820759869,48.88629504434831,0.4229448928473214,COMPLETE
42,-47.91513889296299,2026-08-17 18:43:06.864839,2026-08-17 18:43:14.364587,0 days 00:00:07.499748,0.5405088869305764,0.023843041895249273,3,15,1429,71,0.00041797029579273653,0.011087002918942174,0.7535643964042777,48.48553194146092,0.4145526442013936,COMPLETE
43,-46.506599544138886,2026-08-17 18:43:14.364587,2026-08-17 18:43:16.028587,0 days 00:00:01.664000,0.5161985693528278,0.032334715658875586,4,24,1172,51,4.827906942436774,0.002685417613558555,0.7817759275956464,47.02189649637335,0.37450967304082017,COMPLETE
44,-48.313763933562996,2026-08-17 18:43:16.028587,2026-08-17 18:43:22.895949,0 days 00:00:06.867362,0.5594714226984409,0.018618442982853964,3,10,1296,60,3.3404523948415945e-06,0.006550207219628568,0.81571110531398,48.888340927021964,0.4175934692103261,COMPLETE
45,-47.294425573240666,2026-08-17 18:43:22.895949,2026-08-17 18:43:29.485706,0 days 00:00:06.589757,0.5615407521345697,0.017848507836048133,3,16,1315,62,3.5348663421019645e-06,2.4470519952594412e-05,0.8087965785313539,47.86442657955023,0.41426771414088215,COMPLETE
46,-47.68894046059687,2026-08-17 18:43:29.485706,2026-08-17 18:43:35.345067,0 days 00:00:05.859361,0.5866545909343139,0.01516486691999795,3,38,1233,25,5.312804357622452e-05,1.163599121506244e-06,0.8358021413496219,48.26607356569309,0.4194512107113626,COMPLETE
47,-47.77162938120125,2026-08-17 18:43:35.345067,2026-08-17 18:43:44.177618,0 days 00:00:08.832551,0.6210506776339135,0.026240790527126242,4,24,1156,53,0.00023727223065267213,0.0002591755421211934,0.9055203387642976,48.375240450383124,0.4386949761353655,COMPLETE
48,-47.88003700816235,2026-08-17 18:43:44.177618,2026-08-17 18:43:50.631388,0 days 00:00:06.453770,0.5039848717247504,0.019808953512908584,3,31,1479,40,2.516400866602528e-06,0.008037863564023461,0.8526714522509019,48.485371811307125,0.439947758710651,COMPLETE
49,-47.803377200436515,2026-08-17 18:43:50.631388,2026-08-17 18:44:00.351977,0 days 00:00:09.720589,0.5310601144300064,0.014609163020410112,4,10,1268,61,6.745195582579026e-06,0.0013027355272213013,0.7222570671963193,48.37600265231844,0.4161751196649346,COMPLETE
